# JRE version: Java(TM) SE Runtime Environment (8.0_211-b12) (build 1.8.0_211-b12)
# Java VM: Java HotSpot(TM) 64-Bit Server VM (25.211-b12 mixed mode windows-amd64 compressed oops)
Heap:
 PSYoungGen      total 143360K, used 100038K [0x00000000f5580000, 0x0000000100000000, 0x0000000100000000)
  eden space 121344K, 64% used [0x00000000f5580000,0x00000000fa1b86b0,0x00000000fcc00000)
  from space 22016K, 99% used [0x00000000fea80000,0x00000000ffff94d8,0x0000000100000000)
  to   space 26624K, 0% used [0x00000000fcc00000,0x00000000fcc00000,0x00000000fe600000)
 ParOldGen       total 231424K, used 43027K [0x00000000e0000000, 0x00000000ee200000, 0x00000000f5580000)
  object space 231424K, 18% used [0x00000000e0000000,0x00000000e2a04ef0,0x00000000ee200000)
 Metaspace       used 70031K, capacity 73236K, committed 73492K, reserved 1112064K
  class space    used 9626K, capacity 10469K, committed 10516K, reserved 1048576K
GC Heap History (10 events):
Event: 8.130 GC heap before
{Heap before GC invocations=9 (full 2):
 PSYoungGen      total 157184K, used 142848K [0x00000000f5580000, 0x0000000100000000, 0x0000000100000000)
  eden space 142848K, 100% used [0x00000000f5580000,0x00000000fe100000,0x00000000fe100000)
  from space 14336K, 0% used [0x00000000fef00000,0x00000000fef00000,0x00000000ffd00000)
  to   space 14336K, 0% used [0x00000000fe100000,0x00000000fe100000,0x00000000fef00000)
 ParOldGen       total 175104K, used 17864K [0x00000000e0000000, 0x00000000eab00000, 0x00000000f5580000)
  object space 175104K, 10% used [0x00000000e0000000,0x00000000e1172360,0x00000000eab00000)
 Metaspace       used 46075K, capacity 47360K, committed 47576K, reserved 1089536K
  class space    used 6341K, capacity 6752K, committed 6872K, reserved 1048576K
Event: 8.146 GC heap after
Heap after GC invocations=9 (full 2):
 PSYoungGen      total 157184K, used 14333K [0x00000000f5580000, 0x0000000100000000, 0x0000000100000000)
  eden space 142848K, 0% used [0x00000000f5580000,0x00000000f5580000,0x00000000fe100000)
  from space 14336K, 99% used [0x00000000fe100000,0x00000000feeff4b0,0x00000000fef00000)
  to   space 17408K, 0% used [0x00000000fef00000,0x00000000fef00000,0x0000000100000000)
 ParOldGen       total 175104K, used 21340K [0x00000000e0000000, 0x00000000eab00000, 0x00000000f5580000)
  object space 175104K, 12% used [0x00000000e0000000,0x00000000e14d7258,0x00000000eab00000)
 Metaspace       used 46075K, capacity 47360K, committed 47576K, reserved 1089536K
  class space    used 6341K, capacity 6752K, committed 6872K, reserved 1048576K
}
Event: 11.639 GC heap before
{Heap before GC invocations=10 (full 2):
 PSYoungGen      total 157184K, used 149110K [0x00000000f5580000, 0x0000000100000000, 0x0000000100000000)
  eden space 142848K, 94% used [0x00000000f5580000,0x00000000fd91e5d0,0x00000000fe100000)
  from space 14336K, 99% used [0x00000000fe100000,0x00000000feeff4b0,0x00000000fef00000)
  to   space 17408K, 0% used [0x00000000fef00000,0x00000000fef00000,0x0000000100000000)
 ParOldGen       total 175104K, used 21340K [0x00000000e0000000, 0x00000000eab00000, 0x00000000f5580000)
  object space 175104K, 12% used [0x00000000e0000000,0x00000000e14d7258,0x00000000eab00000)
 Metaspace       used 57271K, capacity 58954K, committed 59028K, reserved 1099776K
  class space    used 7874K, capacity 8311K, committed 8340K, reserved 1048576K
Event: 11.655 GC heap after
Heap after GC invocations=10 (full 2):
 PSYoungGen      total 147968K, used 17392K [0x00000000f5580000, 0x0000000100000000, 0x0000000100000000)
  eden space 130560K, 0% used [0x00000000f5580000,0x00000000f5580000,0x00000000fd500000)
  from space 17408K, 99% used [0x00000000fef00000,0x00000000ffffc258,0x0000000100000000)
  to   space 22016K, 0% used [0x00000000fd500000,0x00000000fd500000,0x00000000fea80000)
 ParOldGen       total 175104K, used 26461K [0x00000000e0000000, 0x00000000eab00000, 0x00000000f5580000)
  object space 175104K, 15% used [0x00000000e0000000,0x00000000e19d75a0,0x00000000eab00000)
 Metaspace       used 57271K, capacity 58954K, committed 59028K, reserved 1099776K
  class space    used 7874K, capacity 8311K, committed 8340K, reserved 1048576K
}
Event: 11.655 GC heap before
{Heap before GC invocations=11 (full 3):
 PSYoungGen      total 147968K, used 17392K [0x00000000f5580000, 0x0000000100000000, 0x0000000100000000)
  eden space 130560K, 0% used [0x00000000f5580000,0x00000000f5580000,0x00000000fd500000)
  from space 17408K, 99% used [0x00000000fef00000,0x00000000ffffc258,0x0000000100000000)
  to   space 22016K, 0% used [0x00000000fd500000,0x00000000fd500000,0x00000000fea80000)
 ParOldGen       total 175104K, used 26461K [0x00000000e0000000, 0x00000000eab00000, 0x00000000f5580000)
  object space 175104K, 15% used [0x00000000e0000000,0x00000000e19d75a0,0x00000000eab00000)
 Metaspace       used 57271K, capacity 58954K, committed 59028K, reserved 1099776K
  class space    used 7874K, capacity 8311K, committed 8340K, reserved 1048576K
Event: 11.817 GC heap after
Heap after GC invocations=11 (full 3):
 PSYoungGen      total 147968K, used 0K [0x00000000f5580000, 0x0000000100000000, 0x0000000100000000)
  eden space 130560K, 0% used [0x00000000f5580000,0x00000000f5580000,0x00000000fd500000)
  from space 17408K, 0% used [0x00000000fef00000,0x00000000fef00000,0x0000000100000000)
  to   space 22016K, 0% used [0x00000000fd500000,0x00000000fd500000,0x00000000fea80000)
 ParOldGen       total 231424K, used 37287K [0x00000000e0000000, 0x00000000ee200000, 0x00000000f5580000)
  object space 231424K, 16% used [0x00000000e0000000,0x00000000e2469d80,0x00000000ee200000)
 Metaspace       used 57271K, capacity 58954K, committed 59028K, reserved 1099776K
  class space    used 7874K, capacity 8311K, committed 8340K, reserved 1048576K
}
Event: 13.107 GC heap before
{Heap before GC invocations=12 (full 3):
 PSYoungGen      total 147968K, used 130560K [0x00000000f5580000, 0x0000000100000000, 0x0000000100000000)
  eden space 130560K, 100% used [0x00000000f5580000,0x00000000fd500000,0x00000000fd500000)
  from space 17408K, 0% used [0x00000000fef00000,0x00000000fef00000,0x0000000100000000)
  to   space 22016K, 0% used [0x00000000fd500000,0x00000000fd500000,0x00000000fea80000)
 ParOldGen       total 231424K, used 37287K [0x00000000e0000000, 0x00000000ee200000, 0x00000000f5580000)
  object space 231424K, 16% used [0x00000000e0000000,0x00000000e2469d80,0x00000000ee200000)
 Metaspace       used 62177K, capacity 64434K, committed 64660K, reserved 1103872K
  class space    used 8629K, capacity 9252K, committed 9364K, reserved 1048576K
Event: 13.125 GC heap after
Heap after GC invocations=12 (full 3):
 PSYoungGen      total 152576K, used 14969K [0x00000000f5580000, 0x0000000100000000, 0x0000000100000000)
  eden space 130560K, 0% used [0x00000000f5580000,0x00000000f5580000,0x00000000fd500000)
  from space 22016K, 67% used [0x00000000fd500000,0x00000000fe39e760,0x00000000fea80000)
  to   space 22016K, 0% used [0x00000000fea80000,0x00000000fea80000,0x0000000100000000)
 ParOldGen       total 231424K, used 37295K [0x00000000e0000000, 0x00000000ee200000, 0x00000000f5580000)
  object space 231424K, 16% used [0x00000000e0000000,0x00000000e246bd80,0x00000000ee200000)
 Metaspace       used 62177K, capacity 64434K, committed 64660K, reserved 1103872K
  class space    used 8629K, capacity 9252K, committed 9364K, reserved 1048576K
}
Event: 15.287 GC heap before
{Heap before GC invocations=13 (full 3):
 PSYoungGen      total 152576K, used 145529K [0x00000000f5580000, 0x0000000100000000, 0x0000000100000000)
  eden space 130560K, 100% used [0x00000000f5580000,0x00000000fd500000,0x00000000fd500000)
  from space 22016K, 67% used [0x00000000fd500000,0x00000000fe39e760,0x00000000fea80000)
  to   space 22016K, 0% used [0x00000000fea80000,0x00000000fea80000,0x0000000100000000)
 ParOldGen       total 231424K, used 37295K [0x00000000e0000000, 0x00000000ee200000, 0x00000000f5580000)
  object space 231424K, 16% used [0x00000000e0000000,0x00000000e246bd80,0x00000000ee200000)
 Metaspace       used 68254K, capacity 71148K, committed 71444K, reserved 1110016K
  class space    used 9409K, capacity 10199K, committed 10260K, reserved 1048576K
Event: 15.309 GC heap after
Heap after GC invocations=13 (full 3):
 PSYoungGen      total 143360K, used 21989K [0x00000000f5580000, 0x0000000100000000, 0x0000000100000000)
  eden space 121344K, 0% used [0x00000000f5580000,0x00000000f5580000,0x00000000fcc00000)
  from space 22016K, 99% used [0x00000000fea80000,0x00000000ffff94d8,0x0000000100000000)
  to   space 26624K, 0% used [0x00000000fcc00000,0x00000000fcc00000,0x00000000fe600000)
 ParOldGen       total 231424K, used 43027K [0x00000000e0000000, 0x00000000ee200000, 0x00000000f5580000)
  object space 231424K, 18% used [0x00000000e0000000,0x00000000e2a04ef0,0x00000000ee200000)
 Metaspace       used 68254K, capacity 71148K, committed 71444K, reserved 1110016K
  class space    used 9409K, capacity 10199K, committed 10260K, reserved 1048576K
}

