# JRE version: Java(TM) SE Runtime Environment (8.0_211-b12) (build 1.8.0_211-b12)
# Java VM: Java HotSpot(TM) 64-Bit Server VM (25.211-b12 mixed mode windows-amd64 compressed oops)
Heap:
 PSYoungGen      total 153600K, used 53477K [0x00000000f5580000, 0x0000000100000000, 0x0000000100000000)
  eden space 133632K, 28% used [0x00000000f5580000,0x00000000f7abe498,0x00000000fd800000)
  from space 19968K, 76% used [0x00000000fec80000,0x00000000ffb7af68,0x0000000100000000)
  to   space 20480K, 0% used [0x00000000fd800000,0x00000000fd800000,0x00000000fec00000)
 ParOldGen       total 254464K, used 35151K [0x00000000e0000000, 0x00000000ef880000, 0x00000000f5580000)
  object space 254464K, 13% used [0x00000000e0000000,0x00000000e2253d70,0x00000000ef880000)
 Metaspace       used 63429K, capacity 65908K, committed 66176K, reserved 1107968K
  class space    used 8814K, capacity 9479K, committed 9600K, reserved 1048576K
GC Heap History (10 events):
Event: 7.266 GC heap before
{Heap before GC invocations=9 (full 2):
 PSYoungGen      total 105984K, used 93184K [0x00000000f5580000, 0x00000000fce00000, 0x0000000100000000)
  eden space 93184K, 100% used [0x00000000f5580000,0x00000000fb080000,0x00000000fb080000)
  from space 12800K, 0% used [0x00000000fbe00000,0x00000000fbe00000,0x00000000fca80000)
  to   space 13824K, 0% used [0x00000000fb080000,0x00000000fb080000,0x00000000fbe00000)
 ParOldGen       total 176128K, used 18958K [0x00000000e0000000, 0x00000000eac00000, 0x00000000f5580000)
  object space 176128K, 10% used [0x00000000e0000000,0x00000000e1283af0,0x00000000eac00000)
 Metaspace       used 44098K, capacity 45184K, committed 45440K, reserved 1087488K
  class space    used 6101K, capacity 6462K, committed 6528K, reserved 1048576K
Event: 7.274 GC heap after
Heap after GC invocations=9 (full 2):
 PSYoungGen      total 107008K, used 12497K [0x00000000f5580000, 0x00000000ff600000, 0x0000000100000000)
  eden space 93184K, 0% used [0x00000000f5580000,0x00000000f5580000,0x00000000fb080000)
  from space 13824K, 90% used [0x00000000fb080000,0x00000000fbcb46f8,0x00000000fbe00000)
  to   space 14848K, 0% used [0x00000000fe780000,0x00000000fe780000,0x00000000ff600000)
 ParOldGen       total 176128K, used 18966K [0x00000000e0000000, 0x00000000eac00000, 0x00000000f5580000)
  object space 176128K, 10% used [0x00000000e0000000,0x00000000e1285af0,0x00000000eac00000)
 Metaspace       used 44098K, capacity 45184K, committed 45440K, reserved 1087488K
  class space    used 6101K, capacity 6462K, committed 6528K, reserved 1048576K
}
Event: 9.951 GC heap before
{Heap before GC invocations=10 (full 2):
 PSYoungGen      total 107008K, used 105681K [0x00000000f5580000, 0x00000000ff600000, 0x0000000100000000)
  eden space 93184K, 100% used [0x00000000f5580000,0x00000000fb080000,0x00000000fb080000)
  from space 13824K, 90% used [0x00000000fb080000,0x00000000fbcb46f8,0x00000000fbe00000)
  to   space 14848K, 0% used [0x00000000fe780000,0x00000000fe780000,0x00000000ff600000)
 ParOldGen       total 176128K, used 18966K [0x00000000e0000000, 0x00000000eac00000, 0x00000000f5580000)
  object space 176128K, 10% used [0x00000000e0000000,0x00000000e1285af0,0x00000000eac00000)
 Metaspace       used 49958K, capacity 51378K, committed 51584K, reserved 1093632K
  class space    used 6855K, capacity 7249K, committed 7296K, reserved 1048576K
Event: 9.963 GC heap after
Heap after GC invocations=10 (full 2):
 PSYoungGen      total 145920K, used 14834K [0x00000000f5580000, 0x00000000ff680000, 0x0000000100000000)
  eden space 131072K, 0% used [0x00000000f5580000,0x00000000f5580000,0x00000000fd580000)
  from space 14848K, 99% used [0x00000000fe780000,0x00000000ff5fcb50,0x00000000ff600000)
  to   space 16896K, 0% used [0x00000000fd580000,0x00000000fd580000,0x00000000fe600000)
 ParOldGen       total 176128K, used 19969K [0x00000000e0000000, 0x00000000eac00000, 0x00000000f5580000)
  object space 176128K, 11% used [0x00000000e0000000,0x00000000e1380768,0x00000000eac00000)
 Metaspace       used 49958K, capacity 51378K, committed 51584K, reserved 1093632K
  class space    used 6855K, capacity 7249K, committed 7296K, reserved 1048576K
}
Event: 10.783 GC heap before
{Heap before GC invocations=11 (full 2):
 PSYoungGen      total 145920K, used 103913K [0x00000000f5580000, 0x00000000ff680000, 0x0000000100000000)
  eden space 131072K, 67% used [0x00000000f5580000,0x00000000fac7dc68,0x00000000fd580000)
  from space 14848K, 99% used [0x00000000fe780000,0x00000000ff5fcb50,0x00000000ff600000)
  to   space 16896K, 0% used [0x00000000fd580000,0x00000000fd580000,0x00000000fe600000)
 ParOldGen       total 176128K, used 19969K [0x00000000e0000000, 0x00000000eac00000, 0x00000000f5580000)
  object space 176128K, 11% used [0x00000000e0000000,0x00000000e1380768,0x00000000eac00000)
 Metaspace       used 57131K, capacity 58854K, committed 59028K, reserved 1099776K
  class space    used 7868K, capacity 8325K, committed 8448K, reserved 1048576K
Event: 10.795 GC heap after
Heap after GC invocations=11 (full 2):
 PSYoungGen      total 147968K, used 16878K [0x00000000f5580000, 0x0000000100000000, 0x0000000100000000)
  eden space 131072K, 0% used [0x00000000f5580000,0x00000000f5580000,0x00000000fd580000)
  from space 16896K, 99% used [0x00000000fd580000,0x00000000fe5fb978,0x00000000fe600000)
  to   space 19968K, 0% used [0x00000000fec80000,0x00000000fec80000,0x0000000100000000)
 ParOldGen       total 176128K, used 23316K [0x00000000e0000000, 0x00000000eac00000, 0x00000000f5580000)
  object space 176128K, 13% used [0x00000000e0000000,0x00000000e16c5048,0x00000000eac00000)
 Metaspace       used 57131K, capacity 58854K, committed 59028K, reserved 1099776K
  class space    used 7868K, capacity 8325K, committed 8448K, reserved 1048576K
}
Event: 10.795 GC heap before
{Heap before GC invocations=12 (full 3):
 PSYoungGen      total 147968K, used 16878K [0x00000000f5580000, 0x0000000100000000, 0x0000000100000000)
  eden space 131072K, 0% used [0x00000000f5580000,0x00000000f5580000,0x00000000fd580000)
  from space 16896K, 99% used [0x00000000fd580000,0x00000000fe5fb978,0x00000000fe600000)
  to   space 19968K, 0% used [0x00000000fec80000,0x00000000fec80000,0x0000000100000000)
 ParOldGen       total 176128K, used 23316K [0x00000000e0000000, 0x00000000eac00000, 0x00000000f5580000)
  object space 176128K, 13% used [0x00000000e0000000,0x00000000e16c5048,0x00000000eac00000)
 Metaspace       used 57131K, capacity 58854K, committed 59028K, reserved 1099776K
  class space    used 7868K, capacity 8325K, committed 8448K, reserved 1048576K
Event: 10.923 GC heap after
Heap after GC invocations=12 (full 3):
 PSYoungGen      total 147968K, used 0K [0x00000000f5580000, 0x0000000100000000, 0x0000000100000000)
  eden space 131072K, 0% used [0x00000000f5580000,0x00000000f5580000,0x00000000fd580000)
  from space 16896K, 0% used [0x00000000fd580000,0x00000000fd580000,0x00000000fe600000)
  to   space 19968K, 0% used [0x00000000fec80000,0x00000000fec80000,0x0000000100000000)
 ParOldGen       total 254464K, used 35151K [0x00000000e0000000, 0x00000000ef880000, 0x00000000f5580000)
  object space 254464K, 13% used [0x00000000e0000000,0x00000000e2253d70,0x00000000ef880000)
 Metaspace       used 57131K, capacity 58854K, committed 59028K, reserved 1099776K
  class space    used 7868K, capacity 8325K, committed 8448K, reserved 1048576K
}
Event: 12.100 GC heap before
{Heap before GC invocations=13 (full 3):
 PSYoungGen      total 147968K, used 131072K [0x00000000f5580000, 0x0000000100000000, 0x0000000100000000)
  eden space 131072K, 100% used [0x00000000f5580000,0x00000000fd580000,0x00000000fd580000)
  from space 16896K, 0% used [0x00000000fd580000,0x00000000fd580000,0x00000000fe600000)
  to   space 19968K, 0% used [0x00000000fec80000,0x00000000fec80000,0x0000000100000000)
 ParOldGen       total 254464K, used 35151K [0x00000000e0000000, 0x00000000ef880000, 0x00000000f5580000)
  object space 254464K, 13% used [0x00000000e0000000,0x00000000e2253d70,0x00000000ef880000)
 Metaspace       used 62235K, capacity 64542K, committed 64640K, reserved 1103872K
  class space    used 8655K, capacity 9298K, committed 9344K, reserved 1048576K
Event: 12.112 GC heap after
Heap after GC invocations=13 (full 3):
 PSYoungGen      total 153600K, used 15339K [0x00000000f5580000, 0x0000000100000000, 0x0000000100000000)
  eden space 133632K, 0% used [0x00000000f5580000,0x00000000f5580000,0x00000000fd800000)
  from space 19968K, 76% used [0x00000000fec80000,0x00000000ffb7af68,0x0000000100000000)
  to   space 20480K, 0% used [0x00000000fd800000,0x00000000fd800000,0x00000000fec00000)
 ParOldGen       total 254464K, used 35151K [0x00000000e0000000, 0x00000000ef880000, 0x00000000f5580000)
  object space 254464K, 13% used [0x00000000e0000000,0x00000000e2253d70,0x00000000ef880000)
 Metaspace       used 62235K, capacity 64542K, committed 64640K, reserved 1103872K
  class space    used 8655K, capacity 9298K, committed 9344K, reserved 1048576K
}

